<?xml version="1.0" encoding="UTF-8"?>
<!-- Generated by org.testng.reporters.JUnitReportReporter -->
<testsuite skipped="0" hostname="LAPTOP" name="com.javatest.app.FieldDAOTest" tests="6" failures="0" timestamp="03 серп. 2018 11:11:31 GMT" time="3.666" errors="0">
  <testcase name="testSaveField" time="0.348" classname="com.javatest.app.FieldDAOTest"/>
  <testcase name="testSaveOption" time="0.985" classname="com.javatest.app.FieldDAOTest"/>
  <testcase name="testUpdateField" time="0.641" classname="com.javatest.app.FieldDAOTest"/>
  <testcase name="testDeleteOption" time="0.719" classname="com.javatest.app.FieldDAOTest"/>
  <testcase name="testDeleteField" time="0.416" classname="com.javatest.app.FieldDAOTest"/>
  <testcase name="testUpdateOption" time="0.557" classname="com.javatest.app.FieldDAOTest"/>
</testsuite> <!-- com.javatest.app.FieldDAOTest -->
