<?xml version="1.0" encoding="UTF-8"?>
<!-- Generated by org.testng.reporters.JUnitReportReporter -->
<testsuite skipped="0" hostname="LAPTOP" name="com.javatest.app.AppTest" tests="1" failures="0" timestamp="03 серп. 2018 11:11:31 GMT" time="0.002" errors="0">
  <testcase name="testApp" time="0.002" classname="com.javatest.app.AppTest"/>
</testsuite> <!-- com.javatest.app.AppTest -->
