<?xml version="1.0" encoding="UTF-8"?>
<!-- Generated by org.testng.reporters.JUnitReportReporter -->
<testsuite skipped="0" hostname="LAPTOP" name="com.javatest.app.FieldDAOTest" tests="5" failures="0" timestamp="06 серп. 2018 11:14:21 GMT" time="1.861" errors="0">
  <testcase name="testSaveField" time="0.334" classname="com.javatest.app.FieldDAOTest"/>
  <testcase name="testUpdateField" time="0.330" classname="com.javatest.app.FieldDAOTest"/>
  <testcase name="testUpdateOption" time="0.330" classname="com.javatest.app.FieldDAOTest"/>
  <testcase name="testDeleteField" time="0.350" classname="com.javatest.app.FieldDAOTest"/>
  <testcase name="testSaveOption" time="0.517" classname="com.javatest.app.FieldDAOTest"/>
</testsuite> <!-- com.javatest.app.FieldDAOTest -->
