<?xml version="1.0" encoding="UTF-8"?>
<!-- Generated by org.testng.reporters.JUnitReportReporter -->
<testsuite skipped="0" hostname="LAPTOP" name="com.javatest.app.ResponseDAOTest" tests="4" failures="0" timestamp="06 серп. 2018 11:14:21 GMT" time="1.094" errors="0">
  <testcase name="testDeleteResponse" time="0.246" classname="com.javatest.app.ResponseDAOTest"/>
  <testcase name="testSaveResponse" time="0.514" classname="com.javatest.app.ResponseDAOTest"/>
  <testcase name="testDeleteField" time="0.167" classname="com.javatest.app.ResponseDAOTest"/>
  <testcase name="testSaveField" time="0.167" classname="com.javatest.app.ResponseDAOTest"/>
</testsuite> <!-- com.javatest.app.ResponseDAOTest -->
