<?xml version="1.0" encoding="UTF-8"?>
<!-- Generated by org.testng.reporters.JUnitReportReporter -->
<testsuite skipped="0" hostname="LAPTOP" name="com.javatest.app.ProfileDAOTest" tests="5" failures="0" timestamp="06 серп. 2018 11:14:21 GMT" time="1.459" errors="0">
  <testcase name="testDeleteProfile" time="0.165" classname="com.javatest.app.ProfileDAOTest"/>
  <testcase name="testUpdatePrassword" time="0.294" classname="com.javatest.app.ProfileDAOTest"/>
  <testcase name="testSaveProfile" time="0.356" classname="com.javatest.app.ProfileDAOTest"/>
  <testcase name="testNoUpdatePrassword" time="0.478" classname="com.javatest.app.ProfileDAOTest"/>
  <testcase name="testUpdateProfile" time="0.166" classname="com.javatest.app.ProfileDAOTest"/>
</testsuite> <!-- com.javatest.app.ProfileDAOTest -->
